<?xml version="1.0" encoding="UTF-8"?>
<testsuite xmlns:xsi="http://www.w3.org/2001/XMLSchema-instance" xsi:noNamespaceSchemaLocation="https://maven.apache.org/surefire/maven-surefire-plugin/xsd/surefire-test-report.xsd" version="3.0.2" name="ch.hslu.oop.sw06.CalculatorTest" time="0.017" tests="4" errors="0" skipped="0" failures="0" flakes="0">
  <properties>
[...]
</properties>
  <testcase name="testAdd" classname="ch.hslu.oop.sw06.CalculatorTest" time="0.003"/>
  <testcase name="testDiv" classname="ch.hslu.oop.sw06.CalculatorTest" time="0.003"/>
  <testcase name="testSub" classname="ch.hslu.oop.sw06.CalculatorTest" time="0.001"/>
  <testcase name="testMulti" classname="ch.hslu.oop.sw06.CalculatorTest" time="0.001"/>
</testsuite>